[    0.000000] Initializing cgroup sbsys cpuset
[    0.00000] Initializingcgroup subsyscpu
[    0.00000] Initilizing cgroup subsys puacct
[    0.000000] Linux version 4.4.0-134-generic (buildd@lgw01-amd64-033) (gcc version 5.4.020160609(Ubuntu 5.4.0-6ubuntu1~16.04.10)) #160-Ubutu SMPWed Aug 5 14:58:00 UTC 208 (Ubuntu 4.4.0-134.160generic 4.4.140)
[    0.0000] Command line: BOOT_IMAGE/boot/vmlinuz-4.4.0-34-generi root=LABEL=cloudim-rootfs ro console=tty1 console=ttyS0
[    0.000000] KERNEL supportd cpus:
[    0.000000]   Intel GenuinIntel
[    0.000000]   AMD AuthenticAMD
[    0.000000]   Centaur CentaurHauls
[    0.000000] x86/fpu: xstate_offset[2]:  57, xstate_size[2]:  256
[    .000000] x86/fp: Supportng XSAVE fature 0x01: 'x87 foating point registers'
[    0.000000] x86fpu:Supporting XSAVE feature 0x02: 'SSE registers'
[    0.000000] x86/fpu: Supporting XSAVE feature 0x04: 'AVX registers'
[    0.000000] x86/fpu: Enabled xstate features 0x7, context size is 832 bytes, using 'standard' format.
[    0.000000] e820: BIOS-provided physical RAM map:
[    0.000000] BIOS-e820: [mem 0x0000000000000000-0x000000000009fbff] usable
[    0.000000] BIOS-e820: [mem 0x000000000009fc00-0x000000000009ffff] reserved
[    0.000000] BIOS-e820: [mem 0x00000000000f0000-0x00000000000fffff] reserved
[    0.000000] BIOS-e820: [mem 0x0000000000100000-0x000000003ffeffff] usable
[    0.000000] BIOS-e820: [mem 0x000000003fff0000-0x000000003fffffff] ACPI data
[    0.000000] BIOS-e820: [mem 0x00000000fec00000-0x00000000fec00fff] reserved
[    0.000000] BIOS-e820: [mem 0x00000000fee00000-0x00000000fee00fff] reserved
[    0.000000] BIOS-e820: [mem 0x00000000fffc0000-0x00000000ffffffff] reserved
[    0.000000] NX (Execute Disable) protection: active
[    0.000000] SMBIOS 2.5 present.
[    0.000000] Hypervisor detected: KVM
[    0.000000] e820: last_pfn = 0x3fff0 max_arch_pfn = 0x400000000
[    0.000000] MTRR: Disabled
[    0.000000] x86/PAT: MTRRs disabled, skiping PAT iniialiation too.
[    0.000000] CPU MTRRs all blank - virtualized system.[    0.00000] x86/PAT: Configuration [-77]: WB  W  UC- UC  WB  WT  UC- UC  
[    0.000000] found SMP MP-table t [mem 00009ff0-0x0009fff] maped a [ffff88000009fff0]
[    0000000] Scanning 1 areas for lowmemory coruption
[    0.00000] RAMDISK: [mem 0x3630c000-03717dfff]
[    0.000000] ACPI: Early table checkum verification disabled
[    0.000000] ACPI: RSDP 0x0000000000E0000 000024 (v02 VOX  )
[    0.00000] ACPI:XSDT 0x00000003FFF003 00003C (v01 VBOX   VBOXXSDT 00000001 ASL 0000061)
[    0.000000] ACPI: FACP 0x000000003FFF00F0 0000F4(v4 VBOX   VOXFACP 00000001 ASL 0000001)
[   0.000000] ACPI: DSDT 0x00000003FFF470 0021FF (v02 VBOX   VBOXBIOS 0000002 NT 20100528)
[    0.000000] ACPI: FAC 0x00000003FF0200 000400
    0.00000] ACPI: FCS 0x00000003FFF0200 00040
[    0.000000] ACPI: APIC 0x00000003FFF02400005C (v02 VBOX   VBOXAPIC 00000001 ASL  00000061)
[    0.00000] ACPI: SDT 0x00000003FFF02A0 0001CC (v01 VBOX   VOXCPUT 0000002 INTL 2010528)
[    0.000000] No NUMA conigurationfound
[    0.00000] Fakng a node at [mem 0x000000000000000-0x000000003ffeffff]
[    0.000000] NODE_DTA(0) allocaed [mem 0x3ffb000-0x3ffeffff]
[    0.00000] kvm-clck: Usingmsrs 4b564d01 and 4b564d00
[    0.00000] kvm-clock: pu 0, msr0:3ffe3001, primar cpu clock
[    0.000000] kvm-clock: using sched offset of 3978441235 cycles
[    0.000000] clocksource: kvm-clock: mask: 0xffffffffffffffff max_cycles: 0x1cd42e4dffb, max_idle_ns: 881590591483 ns
[    0.000000] Zone ranges:
[    0.000000]   DMA      [mem 0x0000000000001000-0x0000000000ffffff]
[    0.000000]   DMA32    [mem 0x0000000001000000-0x000000003ffeffff]
[    0.000000]   Norml   empty
[    0.000000]   Device   empty
[    0.000000] Movable zone start for each node
[    0.000000] Early memory node ranges
[    0.000000]   node   0: [mem 0x0000000000001000-000000000009efff]
[    0.000000]   node  0: [mm 0x000000000100000-0x000000003ffefff]
[    0.000000] Initmem setup node 0 [mem x000000000001000-0x000000003ffeffff]
[    .00000] ACPI: PM-Timer IO Port: 0x4008
[    0.000000] IOAPI[0]: aic_i 2, version 32, address0xfec00000, GSI 0-23
[    0.000000] ACPI: INT_SRC_OVR (bus0 bus_iq 0 globalirq 2 dfl dfl)
[    0.000000] ACPI INT_SRC_OVR (bus 0 busirq 9 globa_irq 9low levl)
[    0.000000] Using ACPI MADT) fr MP configuration nfrmation
[    0.00000] smpbot: Allowing 2 CPUs, 0 hotplugCPUs
[    0.000000] PM: Registere nosave emory:[mem 0x00000000-0x00000fff]
[    0.00000] PM Registerednosav memory: [em 0x0009f000-0x0009ffff]
[    0.000000] PM:Reistere nosave memory: [mem 0x000a000-0x00effff]
    0.000000] PM: Registered nosave memory: [mem 0x000f0000-0x000ffff]
[   0.000000] e20: [mem 0x40000000-0xfebfffff] availabl for PCI devices[    0.00000] Booting pravirtualized kernelon KVM
[    0.000000] clocksource: refined-jiffies mas: 0xffffffff mx_cycles 0xfffffff, max_dle_ns: 764551900211568 ns[    0.000000] setup_percpu: NR_CPUS:512 nr_cpumask_bits:512 nr_cpu_ds2 nr_node_ids:1
[    0.000000] PERCPU: Embedded 34 pages/cpu @fff8003fc00000 s99544 r8192 d3528 u1048576[    0.000000] PV qspinlock hash table entries: 256 (order: 0, 4096 bytes)
[    0.000000] Built 1 zonelists in Node order, mobility grouping on.  Total pages: 257912
[    0.000000] Policy zone: DMA32
[    0.000000] Kernel command line: BOOT_IMAGE=/booot/vmlinuz-4.4.0-134-generic root=LABEL=cloudimg-rootfs ro console=tty1 console=ttyS0
[    0.000000] PID hash table entries: 4096 (order: 3, 32768 bytes)
[    0.000000] Memory: 997724K/1048120K available (8554K kernel code, 1314K rwdata, 4004K rodata, 1516K init, 1316K bss, 50396K reserved, 0K cma-reseved)
[    0.000000] SLUB: HWalign=64, Order=0-3, MinObjects=0, CPUs=2, Nodes=1
[    0.000000] Kernel/User page tables isolation: enabled
[    0.000000] Hierarchical RCU implementation.
[    0.000000] 	Build-time adjustment of leaf fanout to 64.
[    0.000000] 	RCU restricting CPUs from NR_CPUS=512 to nr_cpu_ids=2.
[    0.000000] RCU: Adjusting geometry for rcu_fanout_leaf=64, nr_cpu_ids=2
[    0.000000] NR_IRQS:33024 nr_irqs:440 16
[    0.000000] Console: colour VGA+ 80x25
[    0.000000] consle [tty1] enabled
[   .000000] conole [ttS0] enabled
[    0.000000] tsc: Detected 2194.918 MHz processor
[    2.926651] Calibrating delay loop (skipped) preset value.. 4389.83 BogoMIPS (lpj=8779672)
[    2.962134] pid_max: default: 32768 minimum: 301
[    2.982157] ACPI: Core revision 20150930
[    3.000978] ACPI: 2 ACPI AML tables successfully acquired and loaded
[    3.021131] Security Framework initialized
[    3.041194] Yama: becoming mindful.
[    3.059904] AppArmor: AppArmor initialized
[    3.077201] Dentry cache hash table entries: 131072 (order: 8, 1048576 bytes)
[    3.110849] Inode-cache hash table entries: 65536 (order: 7, 524288 bytes)
[    3.147574] Mount-cache hash table entries: 2048 (order: 2, 16384 bytes)
[    3.173448] Mountpoint-cache hash table entries: 2048 (order: 2, 16384 bytes)
[    3.202231] Initializing cgroup subsys io
[    3.203913] Initializing cgroup subsys memory
[    3.222140] Initializing cgroup subsys devices
[    3.224856] Initializing cgroup subsys freezer
[    3.241407] Initializing cgroup subsys net_cls
[    3.265823] Initializing cgroup subsys perf_event
[    3.289527] Initializing cgroup subsys net_prio
[    3.318117] Initializing cgroup subsys hugetlb
[    3.341626] Initializing cgroup subsys pids
[    3.362792] mce: CPU supports 0 MCE banks
[    3.381140] Last level iTLB entries: 4KB 1024, 2MB 1024, 4MB 1024
[    3.406737] Last level dTLB entries: 4KB 1024, 2MB 1024, 4MB 1024, 1GB 4
[    3.408632] Spectre V2 : Mitigation: Full generic retpoline
[    3.413312] Spectre V2 : Speculation control IBPB not-supported IBRS not-supported
[    3.441657] Speculative Store Bypass: Vulnerable
[    3.463309] Freeing SMP alternatives memory: 32K
[    3.497702] ftrace: allocating 32266 entries in 127 pages
[    3.569807] smpboot: APIC(0) Converting physical 0 to logical package 0
[    3.597799] smpboot: Max logical packages: 1
[    3.620530] x2apic enabled
[    3.629978] Switched APIC routing to physical x2apic.
[    3.654888] ..TIMER: vector=0x30 apic1=0 pin1=2 apic2=-1 pin2=-1
[    3.804869] smpboot: CPU0: Intel(R) Core(TM) i7-4770HQ CPU @ 2.20GHz (family: 0x6, model: 0x46, stepping: 0x1)
[    3.845574] Performance Events: unsupported p6 CPU model 70 no PMU driver, software events only.
[    3.890035] KVM setup paravirtual spinlock
[    3.895201] x86: Booting SMP configuration:
[    3.896778] .... node  #0, CPUs:      #1
[    3.898780] kvm-clock: cpu 1, msr 0:3ffe3041, secondary cpu clock
[    3.902124] mce: CPU supports 0 MCE banks
[    3.905609] x86: Booted up 1 node, 2 CPUs
[    3.907616] smpboot: Total of 2 processors activated (8779.67 BogoMIPS)
[    3.910424] devtmpfs: initialized
[    3.913438] evm: security.selinux
[    3.914865] evm: security.SMACK64
[    3.916204] evm: security.SMACK64EXEC
[    3.917653] evm: security.SMACK64TRANSMUTE
[    3.919243] evm: security.SMACK64MMAP
[    3.920654] evm: security.ima
[    3.921836] evm: security.capability
[    3.923498] clocksource: jiffies: mask: 0xffffffff max_cycles: 0xffffffff, max_idle_ns: 7645041785100000 ns
[    3.927216] futex hash table entries: 512 (order: 3, 32768 bytes)
[    3.929914] pinctrl core: initialized pinctrl subsystem
[    3.931968] RTC time: 22:07:35, date: 12/09/19
[    3.933805] NET: Registered protocol family 16
[    3.944730] cpuidle: using governor ladder
[    3.957211] cpuidle: using governor menu
[    3.961578] PCCT header not found.
[    3.969657] ACPI: bus type PCI registered
[    3.986488] acpiphp: ACPI Hot Plug PCI Controller Driver version: 0.5
[    4.013281] PCI: Using configuration type 1 for base access
[    4.034405] ACPI: Added _OSI(Module Device)
[    4.038057] ACPI: Added _OSI(Processor Device)
[    4.039854] ACPI: Added _OSI(3.0 _SCP Extensions)
[    4.041575] ACPI: Added _OSI(Processor Aggregator Device)
[    4.058071] ACPI: Executed 1 blocks of module-level executable AML code
[    4.081965] ACPI: Interpreter enabled
[    4.097249] ACPI: (supports S0 S5)
[    4.108865] ACPI: Using IOAPIC for interrupt routing
[    4.125637] PCI: Using host bridge windows from ACPI; if necessary, use "pci=nocrs" and report a bug
[    4.155948] ACPI: PCI Root Bridge [PCI0] (domain 0000 [bus 00-ff])
[    4.174762] acpi PNP0A03:00: _OSC: OS supports [ASPM ClockPM Segments MSI]
[    4.197369] acpi PNP0A03:00: _OSC: not requesting OS control; OS requires [ExtendedConfig ASPM ClockPM MSI]
[    4.232146] acpi PNP0A03:00: fail to add MMCONFIG information, can't access extended PCI configuration space under this bridge.
[    4.274165] PCI host bridge to bus 0000:00
[    4.292838] pci_bus 0000:00: root bus resource [io  0x0000-0x0cf7 window]
[    4.314567] pci_bus 0000:00: root bus resource [io  0x0d00-0xffff window]
[    4.342615] pci_bus 0000:00: root bus resource [mem 0x000a0000-0x000bffff window]
[    4.369283] pci_bus 0000:00: root bus resource [mem 0x40000000-0xfdffffff window]
[    4.402067] pci_bus 0000:00: root bus resource [bus 00-ff]
[    4.422414] pci 0000:00:01.1: legacy IDE quirk: reg 0x10: [io  0x01f0-0x01f7]
[    4.444910] pci 0000:00:01.1: legacy IDE quirk: reg 0x14: [io  0x03f6]
[    4.469323] pci 0000:00:01.1: legacy IDE quirk: reg 0x18: [io  0x0170-0x0177]
[    4.476674] pci 0000:00:01.1: legacy IDE quirk: reg 0x1c: [io  0x0376]
[    4.510232] pci 0000:00:07.0: quirk: [io  0x4000-0x403f] claimed by PIIX4 ACPI
[    4.540165] pci 0000:00:07.0: quirk: [io  0x4100-0x410f] claimed by PIIX4 SMB
[    4.573644] ACPI: PCI Interrupt Link [LNKA] (IRQs 5 9 10 *11)
[    4.582383] ACPI: PCI Interrupt Link [LNKB] (IRQs 5 9 *10 11)
[    4.600787] ACPI: PCI Interrupt Link [LNKC] (IRQs 5 *9 10 11)
[    4.624839] ACPI: PCI Interrupt Link [LNKD] (IRQs 5 9 10 *11)
[    4.645056] ACPI: Enabled 2 GPEs in block 00 to 07
[    4.657749] vgaarb: setting as boot device: PCI:0000:00:02.0
[    4.678221] vgaarb: device added: PCI:0000:00:02.0,decodes=io+mem,owns=io+mem,locks=none
[    4.696851] vgaarb: loaded
[    4.704522] vgaarb: bridge control possible 0000:00:02.0
[    4.722139] SCSI subsystem initialized
[    4.734226] ACPI: bus type USB registered
[    4.746457] usbcore: registered new interface driver usbfs
[    4.765207] usbcore: registered new interface driver hub
[    4.780826] usbcore: registered new device driver usb
[    4.796510] PCI: Using ACPI for IRQ routing
[    4.806533] NetLabel: Initializing
[    4.816945] NetLabel:  domain hash size = 128
[    4.825259] NetLabel:  protocols = UNLABELED CIPSOv4
[    4.849798] NetLabel:  unlabeled traffic allowed by default
[    4.864637] amd_nb: Cannot enumerate AMD northbridges
[    4.878216] clocksource: Switched to clocksource kvm-clock
[    4.925779]AppArmor: AppArmor Filesystm Enabled
[    4973502] pnp: PnP ACPI init
[    5.008104] pnp: PnP ACPI: found 3 devices
[    5.023236] clocksource: acpi_pm: mask: 0xffffff max_cycles: 0xffffff, max_idle_ns: 2085701024 ns
[    5.026672] NET: Registered protocol family 2
[    5.028658] TCP established hash table entries: 8192 (order: 4, 65536 bytes)
[    5.031051] TCP bind hash table entries: 8192 (order: 5, 131072 bytes)
[    5.033290] TCP: Hash tables configured (etablished 8192 bind 8192)
[    5.058536] UDP hash table entres: 12(order: 2, 16384 bte)
[    5.1262] UDP-Lit hash tale entries: 512 (orer: 2, 16384 byts)
[    5.31012] NET: Registered protocol family1
[   5.37526] ci 000:00:00.0: Limitng direct PCI/PI transfers
[    5.49421] pci 000:00:01.0: Activatin ISA DMA hang workarounds
[    5.564112] Unpacking initrams...

[    5.798704] Freeing initrd memory: 14792K
[    5.824225] platform rtc_cmos: registered platform RTC device (no PNP device found)
[    5.881126] Scanning for low memory corruption every 60 seconds
[    5.907575] audit: initializing netlink subsys (disabled)
[    5.921765] audit: type=2000 audit(1575929258.961:1): initialized
[    5.938484] Initialise system trusted keyring
[    5.958349] HugeTLB registered 2 MB page size, pre-allocated 0 pages
[    6.007890] zbud: loaded
[    6.020270] VFS: Disk quotas dquot_6.6.0
[    6.046027] VFS: Dquot-cache hash table entries: 512 (order 0, 4096 bytes)
[    6.083651] squashfs: version 4.0 (2009/01/31) Phillip Lougher
[    6.101029] fuse init (API version 7.23)
[    6.108984] Key type big_key registered
[    6.110710] Allocating IMA MOK and blacklist keyrings.
[    6.115384] Key type asymmetric registered
[    6.119720] Asymmetric key parser 'x509' registered
[    6.121529] Block layer SCSI generic (bsg) driver version 0.4 loaded (major 249)
[    6.124241] io scheduler noop registered
[    6.125848] io scheduler deadline registered (default)
[    6.128124] io scheduler cfq registered
[    6.132739] pci_hotplug: PCI Hot Plug PCI Core version: 0.5
[    6.134784] pciehp: PCI Express Hot Plug Controller Driver version: 0.4
[    6.137487] ACPI: AC Adapter [AC] (on-line)
[    6.139206] input: Power Button as /devices/LNXSYSTM:00/LNXPWRBN:00/input/input0
[    6.142033] ACPI: Power Button [PWRF]
[    6.143608] input: Sleep Button as /devices/LNXSYSTM:00/LNXSLPBN:00/input/input1
[    6.147116] ACPI: Sleep Button [SLPF]
[    6.149937] ACPI: Battery Slot [BAT0] (battery present)
[    6.151949] GHES: HEST is not enabled!
[    6.153492] Serial: 8250/16550 driver, 32 ports, IRQ sharing enabled
[    6.181000] 00:02: ttyS0 at I/O 0x3f8 (irq = 4, base_baud = 115200) is a 16550A
[    6.227909] Linux agpgart interface v0.103
[    6.251777] loop: module loaded
[    6.267337] scsi host0: ata_piix
[    6.282510] scsi host1: ata_piix
[    6.293100] ata1: PATA max UDMA/33 cmd 0x1f0 ctl 0x3f6 bmdma 0xd000 irq 14
[    6.338086] ata2: PATA max UDMA/33 cmd 0x170 ctl 0x376 bmdma 0xd008 irq 15
[    6.360205] libphy: Fixed MDIO Bus: probed
[    6.364821] tun: Universal TUN/TAP device driver, 1.6
[    6.390683] tun: (C) 1999-2004 Max Krasnyansky <maxk@qualcomm.com>
[    6.430850] PPP generic driver version 2.4.2
[    6.451050] ehci_hcd: USB 2.0 'Enhanced' Host Controller (EHCI) Driver
[    6.490064] ehci-pci: EHCI PCI platform driver
[    6.510128] ehci-platform: EHCI generic platform driver
[    6.514813] ohci_hcd: USB 1.1 'Open' Host Controller (OHCI) Driver
[    6.543215] ohci-pci: OHCI PCI platform driver
[    6.561932] ohci-platform: OHCI generic platform driver
[    6.600313] uhci_hcd: USB Universal Host Controller Interface driver
[    6.662242] i8042: PNP: PS/2 Controller [PNP0303:PS2K,PNP0f03:PS2M] at 0x60,0x64 irq 1,12
[    6.731346] serio: i8042 KBD port at 0x60,0x64 irq 1
[    6.756750] serio: i8042 AUX port at 0x60,0x64 irq 12
[    6.779120] mousedev: PS/2 mouse device common for all mice
[    6.810434] rtc_cmos rtc_cmos: rtc core: registered rtc_cmos as rtc0
[    6.843188] input: AT Translated Set 2 keyboard as /devices/platform/i8042/serio0/input/input2
[    6.891250] rtc_cmos rtc_cmos: alarms up to one day, 114 bytes nvram
[    6.937135] tsc: Refined TSC clocksource calibration: 2194.918 MHz
[    6.970576] clocksource: tsc: mask: 0xffffffffffffffff max_cycles: 0x1fa37202099, max_idle_ns: 440795206796 ns
[    6.970657] i2c /dev entries driver
[    6.970751] device-mapper: uevent: version 1.0.3
[    7.050646] device-mapper: ioctl: 4.34.0-ioctl (2015-10-28) initialised: dm-devel@redhat.com
[    7.050668] ledtrig-cpu: registered to indicate activity on CPUs
[    7.064609] NET: Registered protocol family 10
[    7.064836] NET: Registered protocol family 17
[    7.064846] Key type dns_resolver registered
[    7.065118] registered taskstats version 1
[    7.065138] Loading compiled-in X.509 certificates
[    7.065788] Loaded X.509 cert 'Build time autogenerated kernel key: 4eb3d024ac16f76c1747ffd474694c84db21038b'
[    7.065832] zswap: loaded using pool lzo/zbud
[    7.067171] Key type trusted registered
[    7.069178] Key type encrypted registered
[    7.069183] AppArmor: AppArmor sha1 policy hashing enabled
[    7.069185] ima: No TPM chip found, activating TPM-bypass!
[    7.069189] ima: Allocated hash algorithm: sha1
[    7.069202] evm: HMAC attrs: 0x1
[    7.069729]   Magic number: 15:113:148
[    7.070208] rtc_cmos rtc_cmos: setting system clock to 2019-12-09 22:07:39 UTC (1575929259)
[    7.070318] BIOS EDD facility v0.16 2004-Jun-25, 0 devices found
[    7.070318] EDD information not available.
[    7.243874] Freeing unused kernel memory: 1516K
[    7.259566] Write protecting the kernel read-only data: 14336k
[    7.262621] Freeing unused kernel memory: 1672K
[    7.264681] Freeing unused kernel memory: 92K
Loading, please wait...
starting version[    7.279946] random: systemd-udevd: uninitialized urandom read (16 bytes read, 3 bits of entropy available)
 229
[    7.280120] random: udevadm: uninitialized urandom read (16 bytes read, 3 bits of entropy available)
[    7.280137] random: udevadm: uninitialized urandom read (16 bytes read, 3 bits of entropy available)
[    7.287649] random: udevadm: uninitialized urandom read (16 bytes read, 3 bits of entropy available)
[    7.287688] random: udevadm: uninitialized urandom read (16 bytes read, 3 bits of entropy available)
[    7.287818] random: udevadm: uninitialized urandom read (16 bytes read, 3 bits of entropy available)
[    7.287858] random: udevadm: uninitialized urandom read (16 bytes read, 3 bits of entropy available)
[    7.287896] random: udevadm: uninitialized urandom read (16 bytes read, 3 bits of entropy available)
[    7.287994] random: udevadm: uninitialized urandom read (16 bytes read, 3 bits of entropy available)
[    7.288042] random: udevadm: uninitialized urandom read (16 bytes read, 3 bits of entropy available)
[    7.665673] e1000: Intel(R) PRO/1000 Network Driver - version 7.3.21-k8-NAPI
[    7.698630] e1000: Copyright (c) 1999-2006 Intel Corporation.
[    7.715407] Fusion MPT base driver 3.04.20
[    7.734734] Copyright (c) 1999-2008 LSI Corporation
[    7.750600] Fusion MPT SPI Host driver 3.04.20
[    7.791917] AVX2 version of gcm_enc/dec engaged.
[    7.801660] AES CTR mode by8 optimization enabled
[    7.915477] input: ImExPS/2 Generic Explorer Mouse as /devices/platform/i8042/serio1/input/input4
[    8.176574] e1000 0000:00:03.0 eth0: (PCI:33MHz:32-bit) 02:93:23:4d:82:b3
[    8.227106] e1000 0000:00:03.0 eth0: Intel(R) PRO/1000 Network Connection
[    8.681723] e1000 0000:00:08.0 eth1: (PCI:33MHz:32-bit) 08:00:27:73:e0:9f
[    8.709764] e1000 0000:00:08.0 eth1: Intel(R) PRO/1000 Network Connection
[    8.729209] e1000 0000:00:08.0 enp0s8: renamed from eth1
[    8.730527] mptbase: ioc0: Initiating bringup
[    8.774512] e1000 0000:00:03.0 enp0s3: renamed from eth0
[    8.814590] ioc0: LSI53C1030 A0: Capabilities={Initiator}
[    9.759616] scsi host2: ioc0: LSI53C1030 A0, FwRev=00000000h, Ports=1, MaxQ=256, IRQ=20
[   10.179408] scsi 2:0:0:0: Direct-Access     VBOX     HARDDISK         1.0  PQ: 0 ANSI: 5
[   10.205021] scsi target2:0:0: Beginning Domain Validation
[   10.235093] scsi target2:0:0: Domain Validation skipping write tests
[   10.239885] scsi target2:0:0: Ending Domain Validation
[   10.763438] scsi target2:0:0: asynchronous
[   10.768496] scsi 2:0:1:0: Direct-Access     VBOX     HARDDISK         1.0  PQ: 0 ANSI: 5
[   11.013117] scsi target2:0:1: Beginning Domain Validation
[   11.366190] scsi target2:0:1: Domain Validation skipping write tests
[   11.803588] scsi target2:0:1: Ending Domain Validation
[   11.831788] scsi target2:0:1: asynchronous
[   11.853111] sd 2:0:0:0: [sda] 20971520 512-byte logical blocks: (10.7 GB/10.0 GiB)
[   11.853149] sd 2:0:0:0: Attached scsi generic sg0 type 0
[   11.853626] sd 2:0:1:0: [sdb] 20480 512-byte logical blocks: (10.5 MB/10.0 MiB)
[   11.853745] sd 2:0:1:0: Attached scsi generic sg1 type 0
[   11.853865] sd 2:0:1:0: [sdb] Write Protect is off
[   11.854005] sd 2:0:1:0: [sdb] Incomplete mode parameter data
[   11.854006] sd 2:0:1:0: [sdb] Assuming drive cache: write through
[   11.856474] sd 2:0:1:0: [sdb] Attached SCSI disk
[   12.039367] sd 2:0:0:0: [sda] Write Protect is off
[   12.055589] sd 2:0:0:0: [sda] Incomplete mode parameter data
[   12.086854] sd 2:0:0:0: [sda] Assuming drive cache: write through
[   12.127380]  sda: sda1
[   12.141855] sd 2:0:0:0: [sda] Attached SCSI disk
Begin: Loading essential drivers[   13.474351] md: linear personality registered for level -1
 ... [   13.501837] md: multipath personality registered for level -4
[   13.529553] md: raid0 personality registered for level 0
[   13.555470] md: raid1 personality registered for level 1
[   13.650227] raid6: sse2x1   gen()  9922 MB/s
[   13.734597] raid6: sse2x1   xor()  7856 MB/s
[   13.826510] raid6: sse2x2   gen() 12718 MB/s
[   13.910303] raid6: sse2x2   xor()  7667 MB/s
[   13.978531] raid6: sse2x4   gen() 14681 MB/s
[   14.054344] raid6: sse2x4   xor()  9936 MB/s
[   14.138378] raid6: avx2x1   gen() 19320 MB/s
[   14.222477] raid6: avx2x2   gen() 22449 MB/s
[   14.322491] raid6: avx2x4   gen() 25364 MB/s
[   14.339293] raid6: using algorithm avx2x4 gen() 25364 MB/s
[   14.366755] raid6: using avx2x2 recovery algorithm
[   14.388284] xor: automatically using best checksumming function:
[   14.446625]    avx       : 49277.000 MB/sec
[   14.471933] async_tx: api initialized (async)
[   14.494809] md: raid6 personality registered for level 6
[   14.507963] md: raid5 personality registered for level 5
[   14.527085] md: raid4 personality registered for level 4
[   14.553488] md: raid10 personality registered for level 10
done.
Begin: Running /scripts/init-premount ... done.
Begin: Mounting root file system ... Begin: Running /scripts/local-top ... done.
Begin: Running /scripts/local-premount[   14.604704] Btrfs loaded
 ... Scanning for Btrfs filesystems
done.
Warning: fsck not present, so sk[   14.649599] EXT4-fs (sda1): mounted filesystem with ordered data mode. Opts: (null)
ipping root file system
done.
Begin: Running /scripts/local-bottom ... done.
Begin: Running /scripts/init-bottom ... done.
[   14.796853] systemd[1]: systemd 229 running in system mode. (+PAM +AUDIT +SELINUX +IMA +APPARMOR +SMACK +SYSVINIT +UTMP +LIBCRYPTSETUP +GCRYPT +GNUTLS +ACL +XZ -LZ4 +SECCOMP +BLKID +ELFUTILS +KMOD -IDN)
[   14.887451] systemd[1]: Detected virtualization oracle.
[   14.916304] systemd[1]: Detected architecture x86-64.

Welcome to [1mUbuntu 16.04.5 LTS[0m!

[   4.963003] systemd[1]: Set hostname to <ubuntu>.
[   14.991422] systemd[1]: Initializing machine ID from random generator.
[   14.993998] systemd[1]: Installed transient /etc/machine-id file.

[   15.140751] systemd[1]: Listening on Syslog Socket.
[[0;32m  OK  [0m] Listening on Syslog Socket.
[   15.144855] systemd[1] Started Forward Pssword Requests to Wall Directory Wath.
[[0;32m  OK  [0m] Started Forward Password Requests to Wall Directory Watch.
[   15.261996] systemd[1]: Reached target System Time Sychronized.
[[0;32m  OK  [0m] Reached target System Time Synchronized.
[  15.75835] systed[1]: Reached target Swap.
[[0;32m  OK  [0m] Reached target Swap.
[   16.010785] systemd[1]: Listening on Journal Audit Socket.
[[0;32m  OK  [0m] Listening on Journal Audit Socket.
[   16.042043] sstemd[1] Listening on Journal Socket.
[[0;32m  OK  [0m] Listening on Journal Socket.
[   16.139346] systmd[1: Listening n LVM2 metadata daemon socket.

[[0;32m  OK  [0m] Listening on LVM2 metadata daemon socket.
[   16.243888] systemd[1]: Listeing on LVM2 oll damon ocket.
[[0;32m  OK  [0m] Listening on LVM2 poll daemon socket.
[   16.553951] systemd[1]: Created slice ser and essio Slice.
[[0;32m  OK  [0m] Created slice User and Session Slice.
[   16.767047] systemd[1: Lisening on ude Kernl Socket.
[[0;32m  OK  [0m] Listening on udev Kernel Socket.
[   17.02273] systed[1]: Creaed slice Sstem Sice.
[[0;32m  OK  [0m] Created slice System Slice.
[   17.190619] systemd[1]: Starting Remount Root and Kernel File Systems...
         Starting Remount Root and Kernel File Systems...
[   17.198476] systemd[1]: Mounting Debug File System...
[   17.200711] EXT4-fs (sda1): re-mounted. Opts: (null)
         Mounting Debug File System...
[   17.206649] systemd[1]: Starting Nameserver information manager...
         Starting Nameserver information manager...
[   17.213438] systemd[1]: Mounting POSIX Message Queue File System...
         Mounting POSIX Message Queue File System...
[   17.220398] systemd[1]: Starting Set console keymap...
         Starting Set console keymap...
[   17.228428] systemd[1]: Starting Load Kernel Modules...
         Starting Load Kernel Modules...
[   17.234147] systemd[1]: Listening on /dev/initctl Compatibility Named Pipe.
[[0;32m  OK  [0m] Listening on /dev/initctl Compatibility Named Pipe.
[   17.240875] Loading iSCSI transport class v2.0-870.
[   17.242702] systemd[1]: Listening on Journal Socket (/dev/log).
[[0;32m  OK  [0m] Listening on Journal Socket (/dev/log).
[   17.251387] systemd[1]: Starting Journal Service...
         Starting Journal Service...
[   17.263093] iscsi: registered transport (tcp)
[   17.283887] systemd[1]: Listening on udev Control Socket.
[[0;32m  OK  [0m] Listening on udev Control Socket.
[   17.320773] systemd[1]: Reached target User and Group Name Lookups.
[[0;32m  OK  [0m] Reached targe[   17.352266] iscsi: registered transport (iser)
t User and Group Name Lookups.
[   17.411056] systemd[1]: Listening on Device-mapper event daemon FIFOs.
[[0;32m  OK  [0m] Listening on Device-mapper event daemon FIFOs.
[   17.467175] systemd[1]: Starting Monitoring of LVM2 mirrors, snapshots etc. using dmeventd or progress polling...
         Starting Monitoring of LVM2 mirrors... dmeventd or progress polling...
[   17.506604] systemd[1]: Reached target Slices.
[[0;32m  OK  [0m] Reached target Slices.
[   17.510895] systemd[1]: Created slice system-serial\x2dgetty.slice.
[[0;32m  OK  [0m] Created slice system-serial\x2dgetty.slice.
[   17.571006] systemd[1]: Starting Create list of required static device nodes for the current kernel...
         Starting Create list of required st... nodes for the current kernel...
[   17.604501] systemd[1]: Started Trigger resolvconf update for networkd DNS.
[[0;32m  OK  [0m] Started Trigger resolvconf update for networkd DNS.
[   17.674877] systemd[1]: Mounting Huge Pages File System...
         Mounting Huge Pages File System...
[   17.703095] systemd[1]: Starting Uncomplicated firewall...
         Starting Uncomplicated firewall...
[   17.728732] systemd[1]: Set up automount Arbitrary Executable File Formats File System Automount Point.
[[0;32m  OK  [0m] Set up automount Arbitrary Executab...ats File System Automount Point.
[   17.796098] random: nonblocking pool is initialized
[   17.800439] systemd[1]: Reached target Encrypted Volumes.
[[0;32m  OK  [0m] Reached target Encrypted Volumes.
[   17.848045] systemd[1]: Mounted POSIX Message Queue File System.
[[0;32m  OK  [0m] Mounted POSIX Message Queue File System.
[   17.883627] systemd[1]: Mounted Debug File System.
[[0;32m  OK  [0m] Mounted Debug File System.
[   17.920933] systemd[1]: Mounted Huge Pages File System.
[[0;32m  OK  [0m] Mounted Huge Pages File System.
[   17.933467] systemd[1]: Started Journal Service.
[[0;32m  OK  [0m] Started Journal Service.
[[0;32m  OK  [0m] Started Remount Root and Kernel File Systems.
[[0;32m  OK  [0m] Started Set console keymap.
[[0;32m  OK  [0m] Started Load Kernel Modules.
[[0;32m  OK  [0m] Started Create list of required sta...ce nodes for the current kernel.
[[0;32m  OK  [0m] Started Uncomplicated firewall.
[[0;32m  OK  [0m] Started Nameserver information manager.
[[0;32m  OK  [0m] Started LVM2 metadata daemon.
         Starting Create Static Device Nodes in /dev...
         Starting Apply Kernel Variables...
         Mounting FUSE Control File System...
         Starting Load/Save Random Seed...
         Starting udev Coldplug all Devices...
         Starting Flush Journal to Persistent Storage...
[[0;32m  OK  [0m] Mounted FUSE Control File System.
[[0;32m  OK  [0m] Started Create Static Device Nodes in /dev.
[[0;32m  OK  [0m] Started Apply Kernel Variables.
[[0;32m  OK  [0m] Started Load/Save Random Seed.
[[0;32m  OK  [0m] Started udev Coldplug all Devices.
[[0;32m  OK  [0m] Started Flush Journal to Persistent Storage.
         Starting udev Kernel Device Manager...
[[0;32m  OK  [0m] Started udev Kernel Device Manager.
[[0;32m  OK  [0m] Started Dispatch Password Requests to Console Directory Watch.
[[0;32m  OK  [0m] Found device /dev/ttyS0.
[[0;32m  OK  [0m] Listening on Load/Save RF Kill Switch Status /dev/rfkill Watch.
[[0;32m  OK  [0m] Started Monitoring of LVM2 mirrors,...ng dmeventd or progress polling.
[[0;32m  OK  [0m] Reached target Local File Systems (Pre).
[[0;32m  OK  [0m] Reached target Local File Systems.
         Starting Create Volatile Files and Directories...
         Starting Commit a transient machine-id on disk...
         Starting LSB: AppArmor initialization...
         Starting Initial cloud-init job (pre-networking)...
         Starting Tell Plymouth To Write Out Runtime Data...
         Starting Set console font and keymap...
[[0;32m  OK  [0m] Started Create Volatile Files and Directories.
[[0;32m  OK  [0m] Started Commit a transient machine-id on disk.
[[0;32m  OK  [0m] Started Tell Plymouth To Write Out Runtime Data.
         Starting Update UTMP about System Boot/Shutdown...
[[0;32m  OK  [0m] Started Update UTMP about System Boot/Shutdown.
[[0;32m  OK  [0m] Started LSB: AppArmor initialization.
[   15.771014] cloud-init[621]: Cloud-init v. 18.3-9-g2e62cb8a-0ubuntu1~16.04.2 running 'init-local' at Mon, 09 Dec 2019 22:07:52 +0000. Up 15.39 seconds.
[[0;32m  OK  [0m] Started Set console font and keymap.
[[0;32m  OK  [0m] Started Initial cloud-init job (pre-networking).
[[0;32m  OK  [0m] Reached target Network (Pre).
         Starting Raise network interfaces...
[[0;32m  OK  [0m] Created slice system-getty.slice.
[[0;32m  OK  [0m] Started Raise network interfaces.
         Starting Initial cloud-init job (metadata service crawler)...
[[0;32m  OK  [0m] Reached target Network.
[   16.922856] cloud-init[948]: Cloud-init v. 18.3-9-g2e62cb8a-0ubuntu1~16.04.2 running 'init' at Mon, 09 Dec 2019 22:07:53 +0000. Up 16.39 seconds.
[   16.986366] cloud-init[948]: ci-info: ++++++++++++++++++++++++++++++++++++++Net device info+++++++++++++++++++++++++++++++++++++++
[   16.987141] [[0;32m  OK  [0m] Started Initial cloud-init job (metadata service crawler).
cloud-init[948]: ci-info: +--------+-------+----------------------------+---------------+--------+-------------------+
[   17.084919] cloud-init[948]: ci-info: | Device |   Up  |          Address           |      Mask     | Scope  |     Hw-Address    |
[[0;32m  OK  [0m] Reached target Network is Online.
[   17.086079] cloud-init[948]: ci-info: +--------+-------+----------------------------+---------------+--------+-------------------+
[   17.166607] cloud-init[948]: ci-info: | enp0s3 |  True |         10.0.2.15          | 255.255.255.0 | global | 02:93:23:4d:82:b3 |
[   17.167441] cloud-init[948]: ci-info: | enp0s3 |  True | fe80::93:23ff:fe4d:82b3/64 |       .       |  link  | 02:93:23:4d:82:b3 |
         Starting iSCSI initiator daemon (iscsid)...
[[   17.168722] cloud-init[948]: ci-info: | enp0s8 | False |             .              |       .       |   .    | 08:00:27:73:e0:9f |
[0;32m  OK  [0m] Reached target System Initialization.
[   17.293396] cloud-init[948]: ci-info: |   lo   |  True |         127.0.0.1          |   255.0.0.0   |  host  |         .         |
[[   17.324028] cloud-init[948]: ci-info: |   lo   |  True |          ::1/128           |       .       |  host  |         .         |
[   17.324914] cloud-init[948]: ci-info: +--------+-------+----------------------------+---------------+--------+-------------------+
[   17.325768] cloud-init[948]: ci-info: +++++++++++++++++++++++++++Route IPv4 info++++++++++++++++++++++++++++
[   17.328830] cloud-init[948]: ci-info: +-------+-------------+----------+---------------+-----------+-------+
[   17.330151] cloud-init[948]: ci-info: | Route | Destination | Gateway  |    Genmask    | Interface | Flags |
[0;32m  OK  [0m] Started Daily apt download activities.
[   17.331008] cloud-init[948]: ci-info: +-------+-------------+----------+---------------+-----------+-------+
[   17.348778] cloud-init[948]: ci-info: |   0   |   0.0.0.0   | 10.0.2.2 |    0.0.0.0    |   enp0s3  |   UG  |
[[   17.353237] cloud-init[948]: ci-info: |   1   |   10.0.2.0  | 0.0.0.0  | 255.255.255.0 |   enp0s3  |   U   |
[0;32m  OK  [0m] Started ACPI Events Check.
[   17.354296] cloud-init[948]: ci-info: +-------+-------------+----------+---------------+-----------+-------+
[   17.359726] cloud-init[948]: ci-info: +++++++++++++++++++Route IPv6 info+++++++++++++++++++
[   17.363444] cloud-init[948]: ci-info: +-------+-------------+---------+-----------+-------+
[   17.366810] cloud-init[948]: ci-info: | Route | Destination | Gateway | Interface | Flags |
[[0;32m  OK  [0m] Reached target Paths.
[   17.369226] cloud-init[948]: ci-info: +-------+-------------+---------+-----------+-------+
[   17.374437] cloud-init[948]: ci-info: |   0   |  fe80::/64  |    ::   |   enp0s3  |   U   |
[   17.375731] cloud-init[948]: ci-info: |   3   |   ff00::/8  |    ::   |   enp0s3  |   U   |
[   17.377724] cloud-init[948]: ci-info: +-------+-------------+---------+-----------+-------+
[   17.381580] cloud-init[948]: Generating public/private rsa key pair.
[   17.383196] cloud-init[948]: Your identification has been saved in /etc/ssh/ssh_host_rsa_key.
[   17.384711] cloud-init[948]: Your public key has been saved in /etc/ssh/ssh_host_rsa_key.pub.
[   17.386889] cloud-init[948]: The key fingerprint is:
[[0;32m  OK  [0m] Listening on ACPID Listen Socket.
[[   17.388144] cloud-init[948]: SHA256:7yYUd6V+OHlSlIp9FucnocQxu988ap2y/p/XsNb/iV8 root@ubuntu-xenial
[0;32m  OK  [0m] Listening on UUID daemon activation socket.
[   17.463912] cloud-init[948]: The key's randomart image is:
[   17.512311] cloud-init[948]: +---[RSA 2048]----+
[[0;32m  OK  [0m] Started Daily apt upgrade and clean activities.
[   17.513141] cloud-init[948]: |           .o. . |
         Starting LXD - unix socket.
[   17.547327] cloud-init[948]: |            oo* .|
         [   17.564037] Starting Socket activation for snappy daemon.cloud-init
[948]: |           +.* = |
[[0;32m  OK  [0m] Listening on D-Bus System Message Bus Socket.
[   17.565413] cloud-init[948]: |        . o *.= o|
[[0;32m  OK  [0m] Started Daily Cleanup of Temporary Directories.
[[   17.585045] cloud-init[948]: |        So o.* ..|
[0;32m  OK  [0m] Reached target Timers.
[   17.654270] cloud-init[948]: |        ..  *.+o |
[   17.692875] cloud-init[948]: |       .  .  =o=E|
[[0;32m  OK  [0m] Reached target Cloud-config availability.
[   17.693718] cloud-init[948]: |        ...  o=oO|
[   17.719065] cloud-init[948]: |         o. o*==O|
[[0;32m  OK  [0m] Listening on LXD - unix socket.
[   17.719832] cloud-init[948]: +----[SHA256]-----+
[[   17.735988] cloud-init[948]: Generating public/private dsa key pair.
[   17.737084] cloud-init[948]: [0;32m  OK  [0mYour identification has been saved in /etc/ssh/ssh_host_dsa_key.] 
Listening on Socket activation for snappy daemon.
[[   17.737637] cloud-init[948]: Your public key has been saved in /etc/ssh/ssh_host_dsa_key.pub.
[   17.825833] cloud-init[948]: The key fingerprint is:[0;32m  OK  [0m
] Started iSCSI initiator daemon (iscsid).
[   17.827687] cloud-init[948]: SHA256:Lamxpj5Q8C1jE/lNCGE3U8cnBHQe+hFopzhm4iqIsd8 root@ubuntu-xenial
[   17.900752] cloud-init[948]: The key's randomart image is:
[   17.916929]          Starting Login to default iSCSI targets...
cloud-init[948]: +---[DSA 1024]----+
[[0;32m  OK  [0m] Reached target Sockets.
[[0;32m  OK  [0m] Reached target Basic System.
[   17.919141] cloud-init[948]: |    +++++=*      |
[   17.981473] [[0;32m  OK  [0m] Started ACPI event daemon.
cloud-init[948]: |  ..o..o+=+o.    |
[   18.010000]          cloud-initStarting LSB: MD monitoring daemon...[948]: 
|   o + =.ooo     |
[   18.031718]          Starting Pollinate to seed the pseudo random number generator...
cloud-init[948]: |    O B o+ .     |
         Starting LSB: Record successful boot for GRUB...
[[0;32m  OK  [0m] Started Deferred execution scheduler.
[   18.039967] cloud-init[948]: |   + B..S o      |
[   18.070320] cloud-init[948]: |. . .  + .       |
[   18.072349] cloud-init[948]: |oo o  +          |
[   18.077082] cloud-init[948]: |= ...o           |
[   18.080148] cloud-init[948]: | o..E.           |
[   18.084566] cloud-init[948]: +----[SHA256]-----+
[   18.086676] cloud-init[948]: Generating public/private ecdsa key pair.
         Starting Accounts Service...
[   18.097373] cloud-init[948]: Your identification has been saved in /etc/ssh/ssh_host_ecdsa_key.
[[0;32m  OK  [0m] Started Regular background program processing daemon.
[   18.103646] cloud-init[948]: Your public key has been saved in /etc/ssh/ssh_host_ecdsa_key.pub.
         Starting Login Service...
[   18.113921] cloud-init[948]: The key fingerprint is:
[   18.129111] cloud-init[948]: SHA256:I2ddQwiQJTXHSqwB4RzLNWK/tsO/1esR/hwV7hBtcoA root@ubuntu-xenial
         Starting /etc/rc.local Compatibility...
[   18.129945] cloud-init[948]: The key's randomart image is:
[[0;32m  OK  [0m] Started D-Bus System Message Bus.
[   18.149681] cloud-init[948]: +---[ECDSA 256]---+
[   18.154058] cloud-init[948]: |    *o=*=o..o.   |
[[0;32m  OK  [0m] Started Unattended Upgrades Shutdown.[   18.172182] cloud-init[948]: |   = *oooooE  o  |
[   18.173018] cloud-init[948]: |    = .+ .  oo = |
[   18.174417] cloud-init[948]: |      .... . .* .|

[   18.175072] cloud-init[948]: |      + S . .. ..|
[   18.229141] cloud-init[948]: |     o = . o .o. |
[   18.238761] cloud-init[948]: |      +   . + .. |
[   18.244970] cloud-init[948]: |       o .   = . |
         Starting Snappy daemon...
[   18.245475] cloud-init[948]: |        o. .o o  |
[   18.263936] cloud-init[948]: +----[SHA256]-----+
[   18.264531] cloud-init[948]: Generating public/private ed25519 key pair.
[   18.265976] cloud-init[948]: Your identification has been saved in /etc/ssh/ssh_host_ed25519_key.
[   18.267958] cloud-init[948]: Your public key has been saved in /etc/ssh/ssh_host_ed25519_key.pub.
[   18.268809] cloud-init[948]: The key fingerprint is:
         Starting Virtualbox guest utils...
[   18.268926] cloud-init[948]: SHA256:vAP2q+TmBH166PGdzQqu1trGTXCEd35e7b12PyQxNiw root@ubuntu-xenial
[   18.308776] cloud-init[948]: The key's randomart image is:
[   18.309324] cloud-init[948]: +--[ED25519 256]--+
[[0;32m  OK  [0m] Started FUSE filesystem for LXC.
[   18.309752] cloud-init[948]: |         .       |
[   18.336821] cloud-init[948]: |        . o .    |
[   18.337642] cloud-init[948]: |         o o.   .|
[   18.337804] cloud-init[948]: |     . .. .E.*. o|
[   18.337835] cloud-init[948]: |    . + So  oo+o.|
         Starting System Logging Service...
[   18.337868] cloud-init[948]: |     o * ..  ...o|
[   18.378444] cloud-init[948]: |      *o*o    o .|
         Starting LXD - container startup/shutdown...
[   18.379066] cloud-init[948]: |     =o*+=.+   +.|
[   18.411822] cloud-init[948]: |     +B== +.o . =|
[   18.412474] cloud-init[948]: +----[SHA256]-----+
[[0;32m  OK  [0m] Started System Logging Service.
[[0;32m  OK  [0m] Started Snappy daemon.
[[0;32m  OK  [0m] Started Pollinate to seed the pseudo random number generator.
[[0;32m  OK  [0m] Started /etc/rc.local Compatibility.
[[0;32m  OK  [0m] Started LXD - container startup/shutdown.
[[0;32m  OK  [0m] Started Login to default iSCSI targets.
[[0;32m  OK  [0m] Started LSB: MD monitoring daemon.
[[0;32m  OK  [0m] Started LSB: Record successful boot for GRUB.
[[0;32m  OK  [0m] Started Login Service.
         Starting Authenticate and Authorize Users to Run Privileged Tasks...
[[0;32m  OK  [0m] Reached target Remote File Systems (Pre).
[[0;32m  OK  [0m] Reached target Remote File Systems.
         Starting LSB: automatic crash report generation...
         Starting Permit User Sessions...
         Starting LSB: Set the CPU Frequency Scaling governor to "ondemand"...
         Starting LSB: daemon to balance interrupts for SMP systems...
         Starting OpenBSD Secure Shell server...
         Starting Wait until snapd is fully seeded...
[[0;32m  OK  [0m] Started OpenBSD Secure Shell server.
[[0;32m  OK  [0m] Started Virtualbox guest utils.
[[0;32m  OK  [0m] Started Permit User Sessions.
[[0;32m  OK  [0m] Started Authenticate and Authorize Users to Run Privileged Tasks.
[[0;32m  OK  [0m] Started Accounts Service.
[[0;32m  OK  [0m] Started LSB: automatic crash report generation.
[[0;32m  OK  [0m] Started LSB: Set the CPU Frequency Scaling governor to "ondemand".
         Starting Hold until boot process finishes up...
         Starting Terminate Plymouth Boot Screen...
[[0;32m  OK  [0m] Started LSB: daemon to balance interrupts for SMP systems.
[[0;32m  OK  [0m] Started Hold until boot process finishes up.
[[0;32m  OK  [0m] Started Terminate Plymouth Boot Screen.
         Starting Set console scheme...
[[0;32m  OK  [0m] Started Serial Getty on ttyS0.
[[0;32m  OK  [0m] Started Getty on tty1.
[[0;32m  OK  [0m] Reached target Login Prompts.
[[0;32m  OK  [0m] Started Set console scheme.
[[0;32m  OK  [0m] Started Wait until snapd is fully seeded.
[[0;32m  OK  [0m] Reached target Multi-User System.
[[0;32m  OK  [0m] Reached target Graphical Interface.
         Starting Update UTMP about System Runlevel Changes...
         Starting Apply the settings specified in cloud-config...
[[0;32m  OK  [0m] Started Update UTMP about System Runlevel Changes.
[   19.780561] cloud-init[1265]: Generating locales (this might take a while)...
[   20.536956] cloud-init[1265]:   en_US.UTF-8... done
[   20.560532] cloud-init[1265]: Generation complete.
[   20.796420] cloud-init[1265]: Cloud-init v. 18.3-9-g2e62cb8a-0ubuntu1~16.04.2 running 'modules:config' at Mon, 09 Dec 2019 22:07:56 +0000. Up 19.67 seconds.
[[0;32m  OK  [0m] Started Apply the settings specified in cloud-config.
         Starting Execute cloud user/final scripts...
ci-info: no authorized ssh keys fingerprints found for user ubuntu.
<14>Dec  9 22:07:57 ec2: 
<14>Dec  9 22:07:57 ec2: #############################################################
<14>Dec  9 22:07:57 ec2: -----BEGIN SSH HOST KEY FINGERPRINTS-----
<14>Dec  9 22:07:57 ec2: 1024 SHA256:Lamxpj5Q8C1jE/lNCGE3U8cnBHQe+hFopzhm4iqIsd8 root@ubuntu-xenial (DSA)
<14>Dec  9 22:07:57 ec2: 256 SHA256:I2ddQwiQJTXHSqwB4RzLNWK/tsO/1esR/hwV7hBtcoA root@ubuntu-xenial (ECDSA)
<14>Dec  9 22:07:57 ec2: 256 SHA256:vAP2q+TmBH166PGdzQqu1trGTXCEd35e7b12PyQxNiw root@ubuntu-xenial (ED25519)
<14>Dec  9 22:07:57 ec2: 2048 SHA256:7yYUd6V+OHlSlIp9FucnocQxu988ap2y/p/XsNb/iV8 root@ubuntu-xenial (RSA)
<14>Dec  9 22:07:57 ec2: -----END SSH HOST KEY FINGERPRINTS-----
<14>Dec  9 22:07:57 ec2: #############################################################
-----BEGIN SSH HOST KEY KEYS-----
ecdsa-sha2-nistp256 AAAAE2VjZHNhLXNoYTItbmlzdHAyNTYAAAAIbmlzdHAyNTYAAABBBM7wGwdprGsS7pGmvr5kPr49x4iz2quKOuq2PgLQeQf2KHO/9PmUtExSi/AfP8EK8LSD6Za6HavxUtB0z5xzwdY= root@ubuntu-xenial
ssh-ed25519 AAAAC3NzaC1lZDI1NTE5AAAAIG4Cy6V+BtHJgYAbH8FOlkV4bYoUO6LNVpvI8aCQqrhk root@ubuntu-xenial
ssh-rsa AAAAB3NzaC1yc2EAAAADAQABAAABAQDWltungJIydJ5QNbuTWHzrN70QZy50we4L2nTju4IhpJVknWTHil8spsPqoDbKnodNG4ogQtNNelpEhuvf6RBu1JlVeO1U57G2Gd0723o6nVbB+yhfLeuMwnxe15QZ/3VXS4mBo/ak2QAJz8gEwC7UAr5GtZCS1v2BllGvRwZRwEJvi/z3jEtQDKQVPQVgRr0TVmLNKza7kDd6MczLxLkvQTGjbHsBjZdzGsQNxQieMGx31xUQeelp4iGx0aWVPdfpTyPNhjIGcoM/V8cNjdCHwX3tzS3JR3g4+Sjn/F1Bji3oeutMX0SLDrmBWwZBlCTJTkFFIkv6SBw61ZILF13X root@ubuntu-xenial
-----END SSH HOST KEY KEYS-----
[   21.610505] cloud-init[1305]: Cloud-init v. 18.3-9-g2e62cb8a-0ubuntu1~16.04.2 running 'modules:final' at Mon, 09 Dec 2019 22:07:57 +0000. Up 21.09 seconds.
[   21.658513] [cloud-init[0;32m  OK  [0m[1305]: ] ci-info: no authorized ssh keys fingerprints found for user ubuntu.Started Execute cloud user/final scripts.

[   21.704819] [cloud-init[0;32m  OK  [0m[1305]: ] Cloud-init v. 18.3-9-g2e62cb8a-0ubuntu1~16.04.2 finished at Mon, 09 Dec 2019 22:07:58 +0000. Datasource DataSourceNoCloud [seed=/dev/sdb][dsmode=net].  Up 21.60 secondsReached target Cloud-init target.


Ubuntu 16.04.5 LTS ubuntu-xenial ttyS0

ubuntu-xenial login: 